Started GET "/" for 127.0.0.1 at 2024-09-04 14:06:36 -0600
  [1m[35m (532.1ms)[0m  [1m[35mCREATE TABLE "schema_migrations" ("version" varchar NOT NULL PRIMARY KEY)[0m
  [1m[35m (10.9ms)[0m  [1m[35mCREATE TABLE "ar_internal_metadata" ("key" varchar NOT NULL PRIMARY KEY, "value" varchar, "created_at" datetime(6) NOT NULL, "updated_at" datetime(6) NOT NULL)[0m
  [1m[36mActiveRecord::SchemaMigration Load (0.5ms)[0m  [1m[34mSELECT "schema_migrations"."version" FROM "schema_migrations" ORDER BY "schema_migrations"."version" ASC[0m
Processing by HomeController#index as HTML
  Rendering layout layouts/application.html.erb
  Rendering home/index.html.erb within layouts/application
  Rendered home/_banner.html.erb (Duration: 1.6ms | Allocations: 112)
  Rendered home/_about.html.erb (Duration: 4.5ms | Allocations: 108)
  Rendered home/_founders.html.erb (Duration: 2.5ms | Allocations: 108)
  Rendered home/_contact.html.erb (Duration: 2.9ms | Allocations: 92)
  Rendered home/_modal.html.erb (Duration: 16.4ms | Allocations: 118)
  Rendered home/index.html.erb within layouts/application (Duration: 67.5ms | Allocations: 1445)
  Rendered layout layouts/application.html.erb (Duration: 528.4ms | Allocations: 6917)
Completed 500 Internal Server Error in 761ms (ActiveRecord: 0.0ms | Allocations: 14176)


  
LoadError (cannot load such file -- sassc):
  
app/views/layouts/application.html.erb:11
Started GET "/" for 127.0.0.1 at 2024-09-04 14:08:20 -0600
  [1m[36mActiveRecord::SchemaMigration Load (0.6ms)[0m  [1m[34mSELECT "schema_migrations"."version" FROM "schema_migrations" ORDER BY "schema_migrations"."version" ASC[0m
Processing by HomeController#index as HTML
  Rendering layout layouts/application.html.erb
  Rendering home/index.html.erb within layouts/application
  Rendered home/_banner.html.erb (Duration: 2.0ms | Allocations: 112)
  Rendered home/_about.html.erb (Duration: 2.5ms | Allocations: 108)
  Rendered home/_founders.html.erb (Duration: 2.5ms | Allocations: 108)
  Rendered home/_contact.html.erb (Duration: 1.7ms | Allocations: 92)
  Rendered home/_modal.html.erb (Duration: 2.0ms | Allocations: 118)
  Rendered home/index.html.erb within layouts/application (Duration: 51.2ms | Allocations: 1445)
  Rendered layout layouts/application.html.erb (Duration: 274.8ms | Allocations: 6599)
Completed 500 Internal Server Error in 371ms (ActiveRecord: 0.0ms | Allocations: 10913)


  
ActionView::Template::Error (Error: File to import not found or unreadable: bootstrap.
        on line 5:1 of app/assets/stylesheets/application.scss
>> @import 'bootstrap';

   ^
):
     8: 
     9:     
    10:     <link rel="stylesheet" href="https://cdnjs.cloudflare.com/ajax/libs/font-awesome/6.0.0-beta3/css/all.min.css">
    11:     <%= stylesheet_link_tag "application", "data-turbo-track": "reload" %>
    12:     <%= javascript_importmap_tags %>
    13:   </head>
    14: 
  
app/views/layouts/application.html.erb:11
Started GET "/" for 127.0.0.1 at 2024-09-04 14:10:22 -0600
  [1m[36mActiveRecord::SchemaMigration Load (3.9ms)[0m  [1m[34mSELECT "schema_migrations"."version" FROM "schema_migrations" ORDER BY "schema_migrations"."version" ASC[0m
Processing by HomeController#index as HTML
  Rendering layout layouts/application.html.erb
  Rendering home/index.html.erb within layouts/application
  Rendered home/_banner.html.erb (Duration: 1.8ms | Allocations: 112)
  Rendered home/_about.html.erb (Duration: 1.5ms | Allocations: 108)
  Rendered home/_founders.html.erb (Duration: 5.8ms | Allocations: 108)
  Rendered home/_contact.html.erb (Duration: 1.2ms | Allocations: 92)
  Rendered home/_modal.html.erb (Duration: 1.2ms | Allocations: 118)
  Rendered home/index.html.erb within layouts/application (Duration: 28.7ms | Allocations: 1445)
Started GET "/" for 127.0.0.1 at 2024-09-04 14:10:46 -0600
Processing by HomeController#index as HTML
  Rendering layout layouts/application.html.erb
  Rendering home/index.html.erb within layouts/application
  Rendered home/_banner.html.erb (Duration: 0.1ms | Allocations: 9)
  Rendered home/_about.html.erb (Duration: 0.2ms | Allocations: 8)
  Rendered home/_founders.html.erb (Duration: 0.2ms | Allocations: 8)
  Rendered home/_contact.html.erb (Duration: 0.2ms | Allocations: 8)
  Rendered home/_modal.html.erb (Duration: 0.1ms | Allocations: 8)
  Rendered home/index.html.erb within layouts/application (Duration: 14.8ms | Allocations: 628)
  Rendered layout layouts/application.html.erb (Duration: 23848.1ms | Allocations: 24363)
Completed 500 Internal Server Error in 23905ms (ActiveRecord: 0.0ms | Allocations: 29173)


  
ActionView::Template::Error (Error: Undefined variable: "$button-text-color".
        on line 4:10 of app/assets/stylesheets/components/_buttons.scss
        from line 2:9 of app/assets/stylesheets/components/_index.scss
        from line 8:9 of app/assets/stylesheets/application.scss
>>   color: $button-text-color;

   ---------^
):
     8: 
     9:     
    10:     <link rel="stylesheet" href="https://cdnjs.cloudflare.com/ajax/libs/font-awesome/6.0.0-beta3/css/all.min.css">
    11:     <%= stylesheet_link_tag "application", "data-turbo-track": "reload" %>
    12:     <%= javascript_importmap_tags %>
    13:   </head>
    14: 
  
app/views/layouts/application.html.erb:11
  Rendered layout layouts/application.html.erb (Duration: 26547.3ms | Allocations: 717469)
Completed 500 Internal Server Error in 26558ms (ActiveRecord: 0.0ms | Allocations: 717874)


  
ActionView::Template::Error (Error: Undefined variable: "$button-text-color".
        on line 4:10 of app/assets/stylesheets/components/_buttons.scss
        from line 2:9 of app/assets/stylesheets/components/_index.scss
        from line 8:9 of app/assets/stylesheets/application.scss
>>   color: $button-text-color;

   ---------^
):
     8: 
     9:     
    10:     <link rel="stylesheet" href="https://cdnjs.cloudflare.com/ajax/libs/font-awesome/6.0.0-beta3/css/all.min.css">
    11:     <%= stylesheet_link_tag "application", "data-turbo-track": "reload" %>
    12:     <%= javascript_importmap_tags %>
    13:   </head>
    14: 
  
app/views/layouts/application.html.erb:11
Started GET "/" for 127.0.0.1 at 2024-09-04 14:11:18 -0600
Processing by HomeController#index as HTML
  Rendering layout layouts/application.html.erb
  Rendering home/index.html.erb within layouts/application
  Rendered home/_banner.html.erb (Duration: 0.1ms | Allocations: 9)
  Rendered home/_about.html.erb (Duration: 0.1ms | Allocations: 8)
  Rendered home/_founders.html.erb (Duration: 0.2ms | Allocations: 8)
  Rendered home/_contact.html.erb (Duration: 0.1ms | Allocations: 8)
  Rendered home/_modal.html.erb (Duration: 0.1ms | Allocations: 8)
  Rendered home/index.html.erb within layouts/application (Duration: 213.8ms | Allocations: 9278)
  Rendered layout layouts/application.html.erb (Duration: 21158.9ms | Allocations: 272996)
Completed 500 Internal Server Error in 21564ms (ActiveRecord: 0.0ms | Allocations: 299031)


  
ActionView::Template::Error (Error: Undefined variable: "$button-text-color".
        on line 4:10 of app/assets/stylesheets/components/_buttons.scss
        from line 2:9 of app/assets/stylesheets/components/_index.scss
        from line 8:9 of app/assets/stylesheets/application.scss
>>   color: $button-text-color;

   ---------^
):
     8: 
     9:     
    10:     <link rel="stylesheet" href="https://cdnjs.cloudflare.com/ajax/libs/font-awesome/6.0.0-beta3/css/all.min.css">
    11:     <%= stylesheet_link_tag "application", "data-turbo-track": "reload" %>
    12:     <%= javascript_importmap_tags %>
    13:   </head>
    14: 
  
app/views/layouts/application.html.erb:11
Started GET "/" for 127.0.0.1 at 2024-09-04 14:14:45 -0600
Processing by HomeController#index as HTML
  Rendering layout layouts/application.html.erb
  Rendering home/index.html.erb within layouts/application
  Rendered home/_banner.html.erb (Duration: 5.8ms | Allocations: 9)
  Rendered home/_about.html.erb (Duration: 1.2ms | Allocations: 8)
  Rendered home/_founders.html.erb (Duration: 0.6ms | Allocations: 8)
  Rendered home/_contact.html.erb (Duration: 1.3ms | Allocations: 8)
  Rendered home/_modal.html.erb (Duration: 0.7ms | Allocations: 8)
  Rendered home/index.html.erb within layouts/application (Duration: 55.7ms | Allocations: 308)
  Rendered layout layouts/application.html.erb (Duration: 3351.1ms | Allocations: 16457)
Completed 500 Internal Server Error in 3464ms (ActiveRecord: 0.0ms | Allocations: 16705)


  
ActionView::Template::Error (Error: Undefined variable: "$button-text-color".
        on line 4:10 of app/assets/stylesheets/components/_buttons.scss
        from line 2:9 of app/assets/stylesheets/components/_index.scss
        from line 4:9 of app/assets/stylesheets/application.scss
>>   color: $button-text-color;

   ---------^
):
     8: 
     9:     
    10:     <link rel="stylesheet" href="https://cdnjs.cloudflare.com/ajax/libs/font-awesome/6.0.0-beta3/css/all.min.css">
    11:     <%= stylesheet_link_tag "application", "data-turbo-track": "reload" %>
    12:     <%= javascript_importmap_tags %>
    13:   </head>
    14: 
  
app/views/layouts/application.html.erb:11
Started GET "/" for 127.0.0.1 at 2024-09-04 14:17:34 -0600
Processing by HomeController#index as HTML
  Rendering layout layouts/application.html.erb
  Rendering home/index.html.erb within layouts/application
  Rendered home/_banner.html.erb (Duration: 0.6ms | Allocations: 9)
  Rendered home/_about.html.erb (Duration: 1.0ms | Allocations: 8)
  Rendered home/_founders.html.erb (Duration: 0.2ms | Allocations: 8)
  Rendered home/_contact.html.erb (Duration: 0.1ms | Allocations: 8)
  Rendered home/_modal.html.erb (Duration: 0.1ms | Allocations: 8)
  Rendered home/index.html.erb within layouts/application (Duration: 12.6ms | Allocations: 308)
  Rendered shared/_navbar.html.erb (Duration: 22.8ms | Allocations: 114)
  Rendered shared/_footer.html.erb (Duration: 1.3ms | Allocations: 102)
  Rendered layout layouts/application.html.erb (Duration: 44021.7ms | Allocations: 144796)
Completed 200 OK in 44168ms (Views: 44053.5ms | ActiveRecord: 0.0ms | Allocations: 145091)


Started GET "/images/lyralablogo.png" for 127.0.0.1 at 2024-09-04 14:18:20 -0600
Started GET "/images/lab.png" for 127.0.0.1 at 2024-09-04 14:18:21 -0600
Started GET "/images/girlstudying.png" for 127.0.0.1 at 2024-09-04 14:18:21 -0600
  
ActionController::RoutingError (No route matches [GET] "/images/lyralablogo.png"):
  
Started GET "/images/valentina.png" for 127.0.0.1 at 2024-09-04 14:18:21 -0600
Started GET "/images/womensteam.png" for 127.0.0.1 at 2024-09-04 14:18:21 -0600
  
ActionController::RoutingError (No route matches [GET] "/images/girlstudying.png"):
  
  
ActionController::RoutingError (No route matches [GET] "/images/womensteam.png"):
  
  
ActionController::RoutingError (No route matches [GET] "/images/valentina.png"):
  
  
ActionController::RoutingError (No route matches [GET] "/images/lab.png"):
  
Started GET "/images/cinthya.png" for 127.0.0.1 at 2024-09-04 14:18:38 -0600
  
ActionController::RoutingError (No route matches [GET] "/images/cinthya.png"):
  
Started GET "/images/computer.png" for 127.0.0.1 at 2024-09-04 14:18:38 -0600
  
ActionController::RoutingError (No route matches [GET] "/images/computer.png"):
  
Started GET "/" for 127.0.0.1 at 2024-09-04 14:21:21 -0600
Processing by HomeController#index as HTML
  Rendering layout layouts/application.html.erb
  Rendering home/index.html.erb within layouts/application
  Rendered home/_banner.html.erb (Duration: 3.4ms | Allocations: 99)
  Rendered home/_about.html.erb (Duration: 2.2ms | Allocations: 109)
  Rendered home/_founders.html.erb (Duration: 1.7ms | Allocations: 107)
  Rendered home/_contact.html.erb (Duration: 5.5ms | Allocations: 91)
  Rendered home/_modal.html.erb (Duration: 2.3ms | Allocations: 117)
  Rendered home/index.html.erb within layouts/application (Duration: 353.1ms | Allocations: 1283)
  Rendered shared/_navbar.html.erb (Duration: 2.5ms | Allocations: 109)
  Rendered shared/_footer.html.erb (Duration: 22.8ms | Allocations: 101)
  Rendered layout layouts/application.html.erb (Duration: 974.6ms | Allocations: 21489)
Completed 200 OK in 1023ms (Views: 999.9ms | ActiveRecord: 0.0ms | Allocations: 22558)


Started GET "/images/lyralablogo.png" for 127.0.0.1 at 2024-09-04 14:21:27 -0600
Started GET "/images/girlstudying.png" for 127.0.0.1 at 2024-09-04 14:21:27 -0600
Started GET "/images/computer.png" for 127.0.0.1 at 2024-09-04 14:21:27 -0600
Started GET "/images/womensteam.png" for 127.0.0.1 at 2024-09-04 14:21:27 -0600
Started GET "/images/valentina.png" for 127.0.0.1 at 2024-09-04 14:21:27 -0600
  
ActionController::RoutingError (No route matches [GET] "/images/lyralablogo.png"):
  
  
ActionController::RoutingError (No route matches [GET] "/images/computer.png"):
  
  
ActionController::RoutingError (No route matches [GET] "/images/womensteam.png"):
  
  
ActionController::RoutingError (No route matches [GET] "/images/girlstudying.png"):
  
  
ActionController::RoutingError (No route matches [GET] "/images/valentina.png"):
  
Started GET "/images/cinthya.png" for 127.0.0.1 at 2024-09-04 14:21:35 -0600
  
ActionController::RoutingError (No route matches [GET] "/images/cinthya.png"):
  
Started GET "/" for 127.0.0.1 at 2024-09-04 14:21:47 -0600
Processing by HomeController#index as HTML
  Rendering layout layouts/application.html.erb
  Rendering home/index.html.erb within layouts/application
  Rendered home/_banner.html.erb (Duration: 5.3ms | Allocations: 98)
  Rendered home/_about.html.erb (Duration: 1.6ms | Allocations: 107)
  Rendered home/_founders.html.erb (Duration: 2.2ms | Allocations: 107)
  Rendered home/_contact.html.erb (Duration: 6.4ms | Allocations: 91)
  Rendered home/_modal.html.erb (Duration: 1.8ms | Allocations: 117)
  Rendered home/index.html.erb within layouts/application (Duration: 42.8ms | Allocations: 1280)
  Rendered shared/_navbar.html.erb (Duration: 1.8ms | Allocations: 112)
  Rendered shared/_footer.html.erb (Duration: 4.5ms | Allocations: 101)
  Rendered layout layouts/application.html.erb (Duration: 247.6ms | Allocations: 21510)
Completed 200 OK in 261ms (Views: 255.4ms | ActiveRecord: 0.0ms | Allocations: 22579)


Started GET "/images/lyralablogo.png" for 127.0.0.1 at 2024-09-04 14:21:48 -0600
Started GET "/images/lab.png" for 127.0.0.1 at 2024-09-04 14:21:48 -0600
  
ActionController::RoutingError (No route matches [GET] "/images/lyralablogo.png"):
  
Started GET "/images/valentina.png" for 127.0.0.1 at 2024-09-04 14:21:48 -0600
Started GET "/images/womensteam.png" for 127.0.0.1 at 2024-09-04 14:21:49 -0600
Started GET "/images/girlstudying.png" for 127.0.0.1 at 2024-09-04 14:21:49 -0600
  
ActionController::RoutingError (No route matches [GET] "/images/lab.png"):
  
  
ActionController::RoutingError (No route matches [GET] "/images/valentina.png"):
  
  
ActionController::RoutingError (No route matches [GET] "/images/womensteam.png"):
  
  
ActionController::RoutingError (No route matches [GET] "/images/girlstudying.png"):
  
Started GET "/images/cinthya.png" for 127.0.0.1 at 2024-09-04 14:21:52 -0600
Started GET "/images/computer.png" for 127.0.0.1 at 2024-09-04 14:21:52 -0600
  
ActionController::RoutingError (No route matches [GET] "/images/cinthya.png"):
  
  
ActionController::RoutingError (No route matches [GET] "/images/computer.png"):
  
Started GET "/" for 127.0.0.1 at 2024-09-04 14:23:05 -0600
Processing by HomeController#index as HTML
  Rendering layout layouts/application.html.erb
  Rendering home/index.html.erb within layouts/application
  Rendered home/_banner.html.erb (Duration: 51.5ms | Allocations: 853)
  Rendered home/_about.html.erb (Duration: 2.2ms | Allocations: 107)
  Rendered home/_founders.html.erb (Duration: 11.8ms | Allocations: 107)
  Rendered home/_contact.html.erb (Duration: 1.8ms | Allocations: 91)
  Rendered home/_modal.html.erb (Duration: 2.0ms | Allocations: 117)
  Rendered home/index.html.erb within layouts/application (Duration: 98.6ms | Allocations: 2037)
  Rendered shared/_navbar.html.erb (Duration: 9.5ms | Allocations: 109)
  Rendered shared/_footer.html.erb (Duration: 1.9ms | Allocations: 101)
  Rendered layout layouts/application.html.erb (Duration: 500.3ms | Allocations: 21982)
Completed 200 OK in 537ms (Views: 517.9ms | ActiveRecord: 0.0ms | Allocations: 23054)


Started GET "/images/lyralablogo.png" for 127.0.0.1 at 2024-09-04 14:23:09 -0600
Started GET "/images/girlstudying.png" for 127.0.0.1 at 2024-09-04 14:23:09 -0600
Started GET "/images/computer.png" for 127.0.0.1 at 2024-09-04 14:23:09 -0600
  
ActionController::RoutingError (No route matches [GET] "/images/lyralablogo.png"):
  
  
ActionController::RoutingError (No route matches [GET] "/images/computer.png"):
  
Started GET "/images/valentina.png" for 127.0.0.1 at 2024-09-04 14:23:10 -0600
Started GET "/images/womensteam.png" for 127.0.0.1 at 2024-09-04 14:23:10 -0600
  
ActionController::RoutingError (No route matches [GET] "/images/girlstudying.png"):
  
  
ActionController::RoutingError (No route matches [GET] "/images/womensteam.png"):
  
  
ActionController::RoutingError (No route matches [GET] "/images/valentina.png"):
  
Started GET "/images/cinthya.png" for 127.0.0.1 at 2024-09-04 14:23:15 -0600
  
ActionController::RoutingError (No route matches [GET] "/images/cinthya.png"):
  
Started GET "/" for 127.0.0.1 at 2024-09-04 14:24:20 -0600
Processing by HomeController#index as HTML
  Rendering layout layouts/application.html.erb
  Rendering home/index.html.erb within layouts/application
  Rendered home/_banner.html.erb (Duration: 30.2ms | Allocations: 844)
  Rendered home/_about.html.erb (Duration: 1.8ms | Allocations: 107)
  Rendered home/_founders.html.erb (Duration: 118.3ms | Allocations: 1014)
  Rendered home/_contact.html.erb (Duration: 2.0ms | Allocations: 91)
  Rendered home/_modal.html.erb (Duration: 2.5ms | Allocations: 117)
  Rendered home/index.html.erb within layouts/application (Duration: 175.7ms | Allocations: 2937)
  Rendered shared/_navbar.html.erb (Duration: 4.1ms | Allocations: 109)
  Rendered shared/_footer.html.erb (Duration: 2.6ms | Allocations: 101)
  Rendered layout layouts/application.html.erb (Duration: 378.7ms | Allocations: 22903)
Completed 200 OK in 418ms (Views: 396.2ms | ActiveRecord: 0.0ms | Allocations: 23975)


Started GET "/images/lyralablogo.png" for 127.0.0.1 at 2024-09-04 14:24:22 -0600
Started GET "/images/girlstudying.png" for 127.0.0.1 at 2024-09-04 14:24:22 -0600
Started GET "/images/womensteam.png" for 127.0.0.1 at 2024-09-04 14:24:22 -0600
Started GET "/images/computer.png" for 127.0.0.1 at 2024-09-04 14:24:22 -0600
  
ActionController::RoutingError (No route matches [GET] "/images/lyralablogo.png"):
  
  
ActionController::RoutingError (No route matches [GET] "/images/womensteam.png"):
  
  
ActionController::RoutingError (No route matches [GET] "/images/computer.png"):
  
  
ActionController::RoutingError (No route matches [GET] "/images/girlstudying.png"):
  
Started GET "/" for 127.0.0.1 at 2024-09-04 14:26:09 -0600
Processing by HomeController#index as HTML
  Rendering layout layouts/application.html.erb
  Rendering home/index.html.erb within layouts/application
  Rendered home/_banner.html.erb (Duration: 87.1ms | Allocations: 842)
  Rendered home/_about.html.erb (Duration: 131.9ms | Allocations: 1464)
  Rendered home/_founders.html.erb (Duration: 38.2ms | Allocations: 1007)
  Rendered home/_contact.html.erb (Duration: 2.4ms | Allocations: 91)
  Rendered home/_modal.html.erb (Duration: 8.2ms | Allocations: 117)
  Rendered home/index.html.erb within layouts/application (Duration: 367.0ms | Allocations: 4281)
  Rendered shared/_navbar.html.erb (Duration: 6.5ms | Allocations: 109)
  Rendered shared/_footer.html.erb (Duration: 12.1ms | Allocations: 101)
  Rendered layout layouts/application.html.erb (Duration: 1436.0ms | Allocations: 24215)
Completed 200 OK in 1632ms (Views: 1518.8ms | ActiveRecord: 0.0ms | Allocations: 25288)


Started GET "/images/lyralablogo.png" for 127.0.0.1 at 2024-09-04 14:26:23 -0600
  
ActionController::RoutingError (No route matches [GET] "/images/lyralablogo.png"):
  
Started GET "/" for 127.0.0.1 at 2024-09-04 14:34:17 -0600
Processing by HomeController#index as HTML
  Rendering layout layouts/application.html.erb
  Rendering home/index.html.erb within layouts/application
  Rendered home/_banner.html.erb (Duration: 3028.9ms | Allocations: 586)
  Rendered home/_about.html.erb (Duration: 139.5ms | Allocations: 1287)
  Rendered home/_founders.html.erb (Duration: 87.7ms | Allocations: 860)
  Rendered home/_contact.html.erb (Duration: 2.9ms | Allocations: 8)
  Rendered home/_modal.html.erb (Duration: 1.4ms | Allocations: 8)
  Rendered home/index.html.erb within layouts/application (Duration: 3296.3ms | Allocations: 3024)
  Rendered shared/_navbar.html.erb (Duration: 0.2ms | Allocations: 8)
  Rendered shared/_footer.html.erb (Duration: 0.8ms | Allocations: 8)
  Rendered layout layouts/application.html.erb (Duration: 4482.8ms | Allocations: 23581)
Completed 200 OK in 4741ms (Views: 4603.8ms | ActiveRecord: 0.0ms | Allocations: 23845)


Started GET "/images/lyralablogo.png" for 127.0.0.1 at 2024-09-04 14:34:25 -0600
  
ActionController::RoutingError (No route matches [GET] "/images/lyralablogo.png"):
  
Started GET "/custom/scroll" for 127.0.0.1 at 2024-09-04 14:34:26 -0600
  
ActionController::RoutingError (No route matches [GET] "/custom/scroll"):
  
Started GET "/" for 127.0.0.1 at 2024-09-04 14:34:36 -0600
Processing by HomeController#index as HTML
  Rendering layout layouts/application.html.erb
  Rendering home/index.html.erb within layouts/application
  Rendered home/_banner.html.erb (Duration: 31.4ms | Allocations: 586)
  Rendered home/_about.html.erb (Duration: 86.9ms | Allocations: 1280)
  Rendered home/_founders.html.erb (Duration: 36.9ms | Allocations: 856)
  Rendered home/_contact.html.erb (Duration: 0.2ms | Allocations: 8)
  Rendered home/_modal.html.erb (Duration: 0.4ms | Allocations: 8)
  Rendered home/index.html.erb within layouts/application (Duration: 179.5ms | Allocations: 3011)
  Rendered shared/_navbar.html.erb (Duration: 0.1ms | Allocations: 8)
  Rendered shared/_footer.html.erb (Duration: 0.2ms | Allocations: 8)
  Rendered layout layouts/application.html.erb (Duration: 543.5ms | Allocations: 8292)
Completed 200 OK in 569ms (Views: 567.2ms | ActiveRecord: 0.0ms | Allocations: 8539)


Started GET "/images/lyralablogo.png" for 127.0.0.1 at 2024-09-04 14:34:37 -0600
  
ActionController::RoutingError (No route matches [GET] "/images/lyralablogo.png"):
  
Started GET "/custom/scroll" for 127.0.0.1 at 2024-09-04 14:34:38 -0600
  
ActionController::RoutingError (No route matches [GET] "/custom/scroll"):
  
Started GET "/" for 127.0.0.1 at 2024-09-04 14:35:14 -0600
Processing by HomeController#index as HTML
  Rendering layout layouts/application.html.erb
  Rendering home/index.html.erb within layouts/application
  Rendered home/_banner.html.erb (Duration: 26.8ms | Allocations: 588)
  Rendered home/_about.html.erb (Duration: 22.3ms | Allocations: 1286)
  Rendered home/_founders.html.erb (Duration: 16.6ms | Allocations: 860)
  Rendered home/_contact.html.erb (Duration: 0.2ms | Allocations: 8)
  Rendered home/_modal.html.erb (Duration: 0.2ms | Allocations: 8)
  Rendered home/index.html.erb within layouts/application (Duration: 79.6ms | Allocations: 3023)
  Rendered shared/_navbar.html.erb (Duration: 0.2ms | Allocations: 8)
  Rendered shared/_footer.html.erb (Duration: 0.3ms | Allocations: 8)
  Rendered layout layouts/application.html.erb (Duration: 412.6ms | Allocations: 23489)
Completed 200 OK in 427ms (Views: 421.5ms | ActiveRecord: 0.0ms | Allocations: 23733)


Started GET "/images/lyralablogo.png" for 127.0.0.1 at 2024-09-04 14:35:16 -0600
  
ActionController::RoutingError (No route matches [GET] "/images/lyralablogo.png"):
  
Started GET "/" for 127.0.0.1 at 2024-09-04 14:36:14 -0600
Processing by HomeController#index as HTML
  Rendering layout layouts/application.html.erb
  Rendering home/index.html.erb within layouts/application
  Rendered home/_banner.html.erb (Duration: 58.5ms | Allocations: 843)
  Rendered home/_about.html.erb (Duration: 95.4ms | Allocations: 1457)
  Rendered home/_founders.html.erb (Duration: 88.3ms | Allocations: 1008)
  Rendered home/_contact.html.erb (Duration: 2.0ms | Allocations: 91)
  Rendered home/_modal.html.erb (Duration: 6.5ms | Allocations: 117)
  Rendered home/index.html.erb within layouts/application (Duration: 362.4ms | Allocations: 4276)
  Rendered shared/_navbar.html.erb (Duration: 2.8ms | Allocations: 112)
  Rendered shared/_footer.html.erb (Duration: 2.2ms | Allocations: 101)
  Rendered layout layouts/application.html.erb (Duration: 800.2ms | Allocations: 24233)
Completed 200 OK in 924ms (Views: 827.6ms | ActiveRecord: 0.0ms | Allocations: 25305)


Started GET "/images/lyralablogo.png" for 127.0.0.1 at 2024-09-04 14:36:19 -0600
  
ActionController::RoutingError (No route matches [GET] "/images/lyralablogo.png"):
  
Started GET "/" for 127.0.0.1 at 2024-09-04 14:36:44 -0600
Processing by HomeController#index as HTML
  Rendering layout layouts/application.html.erb
  Rendering home/index.html.erb within layouts/application
  Rendered home/_banner.html.erb (Duration: 6.0ms | Allocations: 584)
  Rendered home/_about.html.erb (Duration: 26.1ms | Allocations: 1282)
  Rendered home/_founders.html.erb (Duration: 12.8ms | Allocations: 858)
  Rendered home/_contact.html.erb (Duration: 0.2ms | Allocations: 8)
  Rendered home/_modal.html.erb (Duration: 0.1ms | Allocations: 8)
  Rendered home/index.html.erb within layouts/application (Duration: 54.0ms | Allocations: 3013)
  Rendered shared/_navbar.html.erb (Duration: 0.2ms | Allocations: 8)
  Rendered shared/_footer.html.erb (Duration: 0.2ms | Allocations: 8)
  Rendered layout layouts/application.html.erb (Duration: 581.9ms | Allocations: 23543)
Completed 200 OK in 594ms (Views: 591.6ms | ActiveRecord: 0.0ms | Allocations: 23806)


Started GET "/images/lyralablogo.png" for 127.0.0.1 at 2024-09-04 14:36:45 -0600
  
ActionController::RoutingError (No route matches [GET] "/images/lyralablogo.png"):
  
Started GET "/scroll" for 127.0.0.1 at 2024-09-04 14:36:46 -0600
  
ActionController::RoutingError (No route matches [GET] "/scroll"):
  
Started GET "/" for 127.0.0.1 at 2024-09-04 14:42:10 -0600
Processing by HomeController#index as HTML
  Rendering layout layouts/application.html.erb
  Rendering home/index.html.erb within layouts/application
  Rendered home/_banner.html.erb (Duration: 106.4ms | Allocations: 843)
  Rendered home/_about.html.erb (Duration: 56.0ms | Allocations: 1464)
  Rendered home/_founders.html.erb (Duration: 125.6ms | Allocations: 1008)
  Rendered home/_contact.html.erb (Duration: 3.1ms | Allocations: 90)
  Rendered home/_modal.html.erb (Duration: 2.4ms | Allocations: 117)
  Rendered home/index.html.erb within layouts/application (Duration: 392.0ms | Allocations: 4282)
  Rendered shared/_navbar.html.erb (Duration: 2.0ms | Allocations: 113)
  Rendered shared/_footer.html.erb (Duration: 1.7ms | Allocations: 101)
  Rendered layout layouts/application.html.erb (Duration: 2408.9ms | Allocations: 56704)
Completed 200 OK in 2519ms (Views: 2444.9ms | ActiveRecord: 0.0ms | Allocations: 57772)


Started GET "/images/lyralablogo.png" for 127.0.0.1 at 2024-09-04 14:42:25 -0600
  
ActionController::RoutingError (No route matches [GET] "/images/lyralablogo.png"):
  
Started GET "/" for 127.0.0.1 at 2024-09-04 14:43:55 -0600
Processing by HomeController#index as HTML
  Rendering layout layouts/application.html.erb
  Rendering home/index.html.erb within layouts/application
  Rendered home/_banner.html.erb (Duration: 37.0ms | Allocations: 584)
  Rendered home/_about.html.erb (Duration: 55.0ms | Allocations: 1280)
  Rendered home/_founders.html.erb (Duration: 21.2ms | Allocations: 856)
  Rendered home/_contact.html.erb (Duration: 0.4ms | Allocations: 8)
  Rendered home/_modal.html.erb (Duration: 1.0ms | Allocations: 8)
  Rendered home/index.html.erb within layouts/application (Duration: 136.7ms | Allocations: 3009)
  Rendered shared/_navbar.html.erb (Duration: 0.6ms | Allocations: 8)
  Rendered shared/_footer.html.erb (Duration: 7.0ms | Allocations: 8)
  Rendered layout layouts/application.html.erb (Duration: 2014.3ms | Allocations: 26036)
Completed 200 OK in 2083ms (Views: 2060.6ms | ActiveRecord: 0.0ms | Allocations: 26299)


Started GET "/images/lyralablogo.png" for 127.0.0.1 at 2024-09-04 14:44:00 -0600
  
ActionController::RoutingError (No route matches [GET] "/images/lyralablogo.png"):
  
